Flow report for meow
Tue Nov 28 19:22:39 2023
Quartus Prime Version 21.1.1 Build 850 06/23/2022 SJ Lite Edition


---------------------
; Table of Contents ;
---------------------
  1. Legal Notice
  2. Flow Summary
  3. Flow Settings
  4. Flow Non-Default Global Settings
  5. Flow Elapsed Time
  6. Flow OS Summary
  7. Flow Log
  8. Flow Messages
  9. Flow Suppressed Messages



----------------
; Legal Notice ;
----------------
Copyright (C) 2022  Intel Corporation. All rights reserved.
Your use of Intel Corporation's design tools, logic functions 
and other software and tools, and any partner logic 
functions, and any output files from any of the foregoing 
(including device programming or simulation files), and any 
associated documentation or information are expressly subject 
to the terms and conditions of the Intel Program License 
Subscription Agreement, the Intel Quartus Prime License Agreement,
the Intel FPGA IP License Agreement, or other applicable license
agreement, including, without limitation, that your use is for
the sole purpose of programming logic devices manufactured by
Intel and sold by Intel or its authorized distributors.  Please
refer to the applicable agreement for further details, at
https://fpgasoftware.intel.com/eula.



+----------------------------------------------------------------------------------+
; Flow Summary                                                                     ;
+------------------------------------+---------------------------------------------+
; Flow Status                        ; Successful - Tue Nov 28 19:22:36 2023       ;
; Quartus Prime Version              ; 21.1.1 Build 850 06/23/2022 SJ Lite Edition ;
; Revision Name                      ; meow                                        ;
; Top-level Entity Name              ; meow                                        ;
; Family                             ; MAX 10                                      ;
; Device                             ; 10M50DAF484C7G                              ;
; Timing Models                      ; Final                                       ;
; Total logic elements               ; 26 / 49,760 ( < 1 % )                       ;
;     Total combinational functions  ; 5 / 49,760 ( < 1 % )                        ;
;     Dedicated logic registers      ; 24 / 49,760 ( < 1 % )                       ;
; Total registers                    ; 24                                          ;
; Total pins                         ; 13 / 360 ( 4 % )                            ;
; Total virtual pins                 ; 0                                           ;
; Total memory bits                  ; 0 / 1,677,312 ( 0 % )                       ;
; Embedded Multiplier 9-bit elements ; 0 / 288 ( 0 % )                             ;
; Total PLLs                         ; 0 / 4 ( 0 % )                               ;
; UFM blocks                         ; 0 / 1 ( 0 % )                               ;
; ADC blocks                         ; 0 / 2 ( 0 % )                               ;
+------------------------------------+---------------------------------------------+


+-----------------------------------------+
; Flow Settings                           ;
+-------------------+---------------------+
; Option            ; Setting             ;
+-------------------+---------------------+
; Start date & time ; 11/28/2023 19:22:16 ;
; Main task         ; Compilation         ;
; Revision Name     ; meow                ;
+-------------------+---------------------+


+--------------------------------------------------------------------------------------------------------------------------------------------------------------------------------------+
; Flow Non-Default Global Settings                                                                                                                                                     ;
+-------------------------------------+-----------------------------------------------------------------------------------------------------+---------------+-------------+------------+
; Assignment Name                     ; Value                                                                                               ; Default Value ; Entity Name ; Section Id ;
+-------------------------------------+-----------------------------------------------------------------------------------------------------+---------------+-------------+------------+
; CLOUD_NOTIFY_GROUP_ID               ; dse1                                                                                                ; --            ; --          ; --         ;
; COMPILER_SIGNATURE_ID               ; 8796752845457.170118853614197                                                                       ; --            ; --          ; --         ;
; DSE_SEND_REPORT_PANEL               ; ^Timing Analyzer/(Slow|Fast)\s.*Model/(Slow|Fast)\s.*Model\s(Setup|Hold|Recovery|Removal)\sSummary$ ; --            ; --          ; --         ;
; DSE_SEND_REPORT_PANEL               ; Fitter/(Resource Section|Place Stage)/Fitter Resource Usage Summary                                 ; --            ; --          ; --         ;
; DSE_SEND_REPORT_PANEL               ; Flow Elapsed Time                                                                                   ; --            ; --          ; --         ;
; DSE_SEND_REPORT_PANEL               ; ^Timing Analyzer/(Slow|Fast)\s.*Model/(Slow|Fast)\s.*Model\sFmax\sSummary$                          ; --            ; --          ; --         ;
; DSE_SEND_REPORT_PANEL               ; ^Timing Analyzer/Clocks$                                                                            ; --            ; --          ; --         ;
; DSE_SERVER_SEND_REPORTS             ; On                                                                                                  ; --            ; --          ; --         ;
; DSE_SERVER_URL                      ; http://localhost:44643                                                                              ; --            ; --          ; --         ;
; DSE_WORKER_ID                       ; 0                                                                                                   ; --            ; --          ; --         ;
; MAX_CORE_JUNCTION_TEMP              ; 85                                                                                                  ; --            ; --          ; --         ;
; MIN_CORE_JUNCTION_TEMP              ; 0                                                                                                   ; --            ; --          ; --         ;
; PARTITION_COLOR                     ; -- (Not supported for targeted family)                                                              ; --            ; --          ; Top        ;
; PARTITION_FITTER_PRESERVATION_LEVEL ; -- (Not supported for targeted family)                                                              ; --            ; --          ; Top        ;
; PARTITION_NETLIST_TYPE              ; -- (Not supported for targeted family)                                                              ; --            ; --          ; Top        ;
; POWER_BOARD_THERMAL_MODEL           ; None (CONSERVATIVE)                                                                                 ; --            ; --          ; --         ;
; POWER_PRESET_COOLING_SOLUTION       ; 23 MM HEAT SINK WITH 200 LFPM AIRFLOW                                                               ; --            ; --          ; --         ;
; PROJECT_OUTPUT_DIRECTORY            ; output_files                                                                                        ; --            ; --          ; --         ;
+-------------------------------------+-----------------------------------------------------------------------------------------------------+---------------+-------------+------------+


+--------------------------------------------------------------------------------------------------------------------------+
; Flow Elapsed Time                                                                                                        ;
+----------------------+--------------+-------------------------+---------------------+------------------------------------+
; Module Name          ; Elapsed Time ; Average Processors Used ; Peak Virtual Memory ; Total CPU Time (on all processors) ;
+----------------------+--------------+-------------------------+---------------------+------------------------------------+
; Analysis & Synthesis ; 00:00:07     ; 1.0                     ; 414 MB              ; 00:00:13                           ;
; Fitter               ; 00:00:09     ; 1.0                     ; 1122 MB             ; 00:00:11                           ;
; Assembler            ; 00:00:02     ; 1.0                     ; 367 MB              ; 00:00:02                           ;
; Timing Analyzer      ; 00:00:02     ; 1.0                     ; 532 MB              ; 00:00:02                           ;
; Total                ; 00:00:20     ; --                      ; --                  ; 00:00:28                           ;
+----------------------+--------------+-------------------------+---------------------+------------------------------------+


+----------------------------------------------------------------------------------------+
; Flow OS Summary                                                                        ;
+----------------------+------------------+----------------+------------+----------------+
; Module Name          ; Machine Hostname ; OS Name        ; OS Version ; Processor type ;
+----------------------+------------------+----------------+------------+----------------+
; Analysis & Synthesis ; user-pc          ; Ubuntu 22.04.3 ; 22         ; x86_64         ;
; Fitter               ; user-pc          ; Ubuntu 22.04.3 ; 22         ; x86_64         ;
; Assembler            ; user-pc          ; Ubuntu 22.04.3 ; 22         ; x86_64         ;
; Timing Analyzer      ; user-pc          ; Ubuntu 22.04.3 ; 22         ; x86_64         ;
+----------------------+------------------+----------------+------------+----------------+


------------
; Flow Log ;
------------
quartus_map --read_settings_files=off --write_settings_files=off meow -c meow
quartus_fit --read_settings_files=off --write_settings_files=off meow -c meow
quartus_asm --read_settings_files=off --write_settings_files=off meow -c meow
quartus_sta meow -c meow



