Flow report for meow
Sat Dec 16 13:03:07 2023
Quartus Prime Version 21.1.1 Build 850 06/23/2022 SJ Lite Edition


---------------------
; Table of Contents ;
---------------------
  1. Legal Notice
  2. Flow Summary
  3. Flow Settings
  4. Flow Non-Default Global Settings
  5. Flow Elapsed Time
  6. Flow OS Summary
  7. Flow Log
  8. Flow Messages
  9. Flow Suppressed Messages



----------------
; Legal Notice ;
----------------
Copyright (C) 2022  Intel Corporation. All rights reserved.
Your use of Intel Corporation's design tools, logic functions 
and other software and tools, and any partner logic 
functions, and any output files from any of the foregoing 
(including device programming or simulation files), and any 
associated documentation or information are expressly subject 
to the terms and conditions of the Intel Program License 
Subscription Agreement, the Intel Quartus Prime License Agreement,
the Intel FPGA IP License Agreement, or other applicable license
agreement, including, without limitation, that your use is for
the sole purpose of programming logic devices manufactured by
Intel and sold by Intel or its authorized distributors.  Please
refer to the applicable agreement for further details, at
https://fpgasoftware.intel.com/eula.



+----------------------------------------------------------------------------------+
; Flow Summary                                                                     ;
+------------------------------------+---------------------------------------------+
; Flow Status                        ; Successful - Sat Dec 16 13:03:01 2023       ;
; Quartus Prime Version              ; 21.1.1 Build 850 06/23/2022 SJ Lite Edition ;
; Revision Name                      ; meow                                        ;
; Top-level Entity Name              ; meow                                        ;
; Family                             ; MAX 10                                      ;
; Device                             ; 10M50DAF484C7G                              ;
; Timing Models                      ; Final                                       ;
; Total logic elements               ; 396 / 49,760 ( < 1 % )                      ;
;     Total combinational functions  ; 369 / 49,760 ( < 1 % )                      ;
;     Dedicated logic registers      ; 158 / 49,760 ( < 1 % )                      ;
; Total registers                    ; 158                                         ;
; Total pins                         ; 69 / 360 ( 19 % )                           ;
; Total virtual pins                 ; 0                                           ;
; Total memory bits                  ; 0 / 1,677,312 ( 0 % )                       ;
; Embedded Multiplier 9-bit elements ; 0 / 288 ( 0 % )                             ;
; Total PLLs                         ; 0 / 4 ( 0 % )                               ;
; UFM blocks                         ; 0 / 1 ( 0 % )                               ;
; ADC blocks                         ; 0 / 2 ( 0 % )                               ;
+------------------------------------+---------------------------------------------+


+-----------------------------------------+
; Flow Settings                           ;
+-------------------+---------------------+
; Option            ; Setting             ;
+-------------------+---------------------+
; Start date & time ; 12/16/2023 13:01:49 ;
; Main task         ; Compilation         ;
; Revision Name     ; meow                ;
+-------------------+---------------------+


+-------------------------------------------------------------------------------------------------------------------------+
; Flow Non-Default Global Settings                                                                                        ;
+-------------------------------------+----------------------------------------+---------------+-------------+------------+
; Assignment Name                     ; Value                                  ; Default Value ; Entity Name ; Section Id ;
+-------------------------------------+----------------------------------------+---------------+-------------+------------+
; COMPILER_SIGNATURE_ID               ; 8796752845457.170272090905809          ; --            ; --          ; --         ;
; ENABLE_LOGIC_ANALYZER_INTERFACE     ; On                                     ; --            ; --          ; --         ;
; MAX_CORE_JUNCTION_TEMP              ; 85                                     ; --            ; --          ; --         ;
; MIN_CORE_JUNCTION_TEMP              ; 0                                      ; --            ; --          ; --         ;
; PARTITION_COLOR                     ; -- (Not supported for targeted family) ; --            ; --          ; Top        ;
; PARTITION_FITTER_PRESERVATION_LEVEL ; -- (Not supported for targeted family) ; --            ; --          ; Top        ;
; PARTITION_NETLIST_TYPE              ; -- (Not supported for targeted family) ; --            ; --          ; Top        ;
; POWER_BOARD_THERMAL_MODEL           ; None (CONSERVATIVE)                    ; --            ; --          ; --         ;
; POWER_PRESET_COOLING_SOLUTION       ; 23 MM HEAT SINK WITH 200 LFPM AIRFLOW  ; --            ; --          ; --         ;
; PROJECT_OUTPUT_DIRECTORY            ; output_files                           ; --            ; --          ; --         ;
; SLD_NODE_CREATOR_ID                 ; 3698176                                ; --            ; --          ; auto_lai_1 ;
; SLD_NODE_ENTITY_NAME                ; sld_multitap                           ; --            ; --          ; auto_lai_1 ;
; SLD_NODE_PARAMETER_ASSIGNMENT       ; SLD_NODE_INFO=3698177                  ; --            ; --          ; auto_lai_1 ;
; SLD_NODE_PARAMETER_ASSIGNMENT       ; SLD_NODE_CRC=8676                      ; --            ; --          ; auto_lai_1 ;
; SLD_NODE_PARAMETER_ASSIGNMENT       ; SLD_BANK_WIDTH=8                       ; --            ; --          ; auto_lai_1 ;
; SLD_NODE_PARAMETER_ASSIGNMENT       ; SLD_BANK_SIZE=1                        ; --            ; --          ; auto_lai_1 ;
; SLD_NODE_PARAMETER_ASSIGNMENT       ; SLD_BANK_SEL_WIDTH=1                   ; --            ; --          ; auto_lai_1 ;
; SLD_NODE_PARAMETER_ASSIGNMENT       ; SLD_POWER_UP_STATE=0                   ; --            ; --          ; auto_lai_1 ;
; SLD_NODE_PARAMETER_ASSIGNMENT       ; SLD_ACQ_MODE=0                         ; --            ; --          ; auto_lai_1 ;
; USE_LOGIC_ANALYZER_INTERFACE_FILE   ; output_files/lai1.lai                  ; --            ; --          ; --         ;
+-------------------------------------+----------------------------------------+---------------+-------------+------------+


+--------------------------------------------------------------------------------------------------------------------------+
; Flow Elapsed Time                                                                                                        ;
+----------------------+--------------+-------------------------+---------------------+------------------------------------+
; Module Name          ; Elapsed Time ; Average Processors Used ; Peak Virtual Memory ; Total CPU Time (on all processors) ;
+----------------------+--------------+-------------------------+---------------------+------------------------------------+
; Analysis & Synthesis ; 00:00:40     ; 1.0                     ; 443 MB              ; 00:01:15                           ;
; Fitter               ; 00:00:19     ; 1.1                     ; 1133 MB             ; 00:00:22                           ;
; Assembler            ; 00:00:07     ; 1.0                     ; 373 MB              ; 00:00:07                           ;
; Timing Analyzer      ; 00:00:05     ; 1.2                     ; 544 MB              ; 00:00:05                           ;
; Total                ; 00:01:11     ; --                      ; --                  ; 00:01:49                           ;
+----------------------+--------------+-------------------------+---------------------+------------------------------------+


+----------------------------------------------------------------------------------------+
; Flow OS Summary                                                                        ;
+----------------------+------------------+----------------+------------+----------------+
; Module Name          ; Machine Hostname ; OS Name        ; OS Version ; Processor type ;
+----------------------+------------------+----------------+------------+----------------+
; Analysis & Synthesis ; user-pc          ; Ubuntu 22.04.3 ; 22         ; x86_64         ;
; Fitter               ; user-pc          ; Ubuntu 22.04.3 ; 22         ; x86_64         ;
; Assembler            ; user-pc          ; Ubuntu 22.04.3 ; 22         ; x86_64         ;
; Timing Analyzer      ; user-pc          ; Ubuntu 22.04.3 ; 22         ; x86_64         ;
+----------------------+------------------+----------------+------------+----------------+


------------
; Flow Log ;
------------
quartus_map --read_settings_files=on --write_settings_files=off meow -c meow
quartus_fit --read_settings_files=off --write_settings_files=off meow -c meow
quartus_asm --read_settings_files=off --write_settings_files=off meow -c meow
quartus_sta meow -c meow



