Analysis & Synthesis report for meow
Sat Dec 16 13:02:30 2023
Quartus Prime Version 21.1.1 Build 850 06/23/2022 SJ Lite Edition


---------------------
; Table of Contents ;
---------------------
  1. Legal Notice
  2. Analysis & Synthesis Summary
  3. Analysis & Synthesis Settings
  4. Parallel Compilation
  5. Analysis & Synthesis Source Files Read
  6. Analysis & Synthesis Resource Usage Summary
  7. Analysis & Synthesis Resource Utilization by Entity
  8. Analysis & Synthesis IP Cores Summary
  9. State Machine - |meow|keyboardDriver:driver2|nextState
 10. State Machine - |meow|keyboardDriver:driver2|state
 11. State Machine - |meow|keyboardDriver:driver1|nextState
 12. State Machine - |meow|keyboardDriver:driver1|state
 13. Registers Removed During Synthesis
 14. General Register Statistics
 15. Inverted Register Statistics
 16. Logic Analyzer Interface Settings
 17. Post-Synthesis Netlist Statistics for Top Partition
 18. Elapsed Time Per Partition
 19. Connections to In-System Debugging Instance "auto_lai_1"
 20. Analysis & Synthesis Messages
 21. Analysis & Synthesis Suppressed Messages



----------------
; Legal Notice ;
----------------
Copyright (C) 2022  Intel Corporation. All rights reserved.
Your use of Intel Corporation's design tools, logic functions 
and other software and tools, and any partner logic 
functions, and any output files from any of the foregoing 
(including device programming or simulation files), and any 
associated documentation or information are expressly subject 
to the terms and conditions of the Intel Program License 
Subscription Agreement, the Intel Quartus Prime License Agreement,
the Intel FPGA IP License Agreement, or other applicable license
agreement, including, without limitation, that your use is for
the sole purpose of programming logic devices manufactured by
Intel and sold by Intel or its authorized distributors.  Please
refer to the applicable agreement for further details, at
https://fpgasoftware.intel.com/eula.



+----------------------------------------------------------------------------------+
; Analysis & Synthesis Summary                                                     ;
+------------------------------------+---------------------------------------------+
; Analysis & Synthesis Status        ; Successful - Sat Dec 16 13:02:30 2023       ;
; Quartus Prime Version              ; 21.1.1 Build 850 06/23/2022 SJ Lite Edition ;
; Revision Name                      ; meow                                        ;
; Top-level Entity Name              ; meow                                        ;
; Family                             ; MAX 10                                      ;
; Total logic elements               ; 404                                         ;
;     Total combinational functions  ; 368                                         ;
;     Dedicated logic registers      ; 158                                         ;
; Total registers                    ; 158                                         ;
; Total pins                         ; 69                                          ;
; Total virtual pins                 ; 0                                           ;
; Total memory bits                  ; 0                                           ;
; Embedded Multiplier 9-bit elements ; 0                                           ;
; Total PLLs                         ; 0                                           ;
; UFM blocks                         ; 0                                           ;
; ADC blocks                         ; 0                                           ;
+------------------------------------+---------------------------------------------+


+------------------------------------------------------------------------------------------------------------+
; Analysis & Synthesis Settings                                                                              ;
+------------------------------------------------------------------+--------------------+--------------------+
; Option                                                           ; Setting            ; Default Value      ;
+------------------------------------------------------------------+--------------------+--------------------+
; Device                                                           ; 10M50DAF484C7G     ;                    ;
; Top-level entity name                                            ; meow               ; meow               ;
; Family name                                                      ; MAX 10             ; Cyclone V          ;
; Use smart compilation                                            ; Off                ; Off                ;
; Enable parallel Assembler and Timing Analyzer during compilation ; On                 ; On                 ;
; Enable compact report table                                      ; Off                ; Off                ;
; Restructure Multiplexers                                         ; Auto               ; Auto               ;
; Create Debugging Nodes for IP Cores                              ; Off                ; Off                ;
; Preserve fewer node names                                        ; On                 ; On                 ;
; Intel FPGA IP Evaluation Mode                                    ; Enable             ; Enable             ;
; Verilog Version                                                  ; Verilog_2001       ; Verilog_2001       ;
; VHDL Version                                                     ; VHDL_1993          ; VHDL_1993          ;
; State Machine Processing                                         ; Auto               ; Auto               ;
; Safe State Machine                                               ; Off                ; Off                ;
; Extract Verilog State Machines                                   ; On                 ; On                 ;
; Extract VHDL State Machines                                      ; On                 ; On                 ;
; Ignore Verilog initial constructs                                ; Off                ; Off                ;
; Iteration limit for constant Verilog loops                       ; 5000               ; 5000               ;
; Iteration limit for non-constant Verilog loops                   ; 250                ; 250                ;
; Add Pass-Through Logic to Inferred RAMs                          ; On                 ; On                 ;
; Infer RAMs from Raw Logic                                        ; On                 ; On                 ;
; Parallel Synthesis                                               ; On                 ; On                 ;
; DSP Block Balancing                                              ; Auto               ; Auto               ;
; NOT Gate Push-Back                                               ; On                 ; On                 ;
; Power-Up Don't Care                                              ; On                 ; On                 ;
; Remove Redundant Logic Cells                                     ; Off                ; Off                ;
; Remove Duplicate Registers                                       ; On                 ; On                 ;
; Ignore CARRY Buffers                                             ; Off                ; Off                ;
; Ignore CASCADE Buffers                                           ; Off                ; Off                ;
; Ignore GLOBAL Buffers                                            ; Off                ; Off                ;
; Ignore ROW GLOBAL Buffers                                        ; Off                ; Off                ;
; Ignore LCELL Buffers                                             ; Off                ; Off                ;
; Ignore SOFT Buffers                                              ; On                 ; On                 ;
; Limit AHDL Integers to 32 Bits                                   ; Off                ; Off                ;
; Optimization Technique                                           ; Balanced           ; Balanced           ;
; Carry Chain Length                                               ; 70                 ; 70                 ;
; Auto Carry Chains                                                ; On                 ; On                 ;
; Auto Open-Drain Pins                                             ; On                 ; On                 ;
; Perform WYSIWYG Primitive Resynthesis                            ; Off                ; Off                ;
; Auto ROM Replacement                                             ; On                 ; On                 ;
; Auto RAM Replacement                                             ; On                 ; On                 ;
; Auto DSP Block Replacement                                       ; On                 ; On                 ;
; Auto Shift Register Replacement                                  ; Auto               ; Auto               ;
; Allow Shift Register Merging across Hierarchies                  ; Auto               ; Auto               ;
; Auto Clock Enable Replacement                                    ; On                 ; On                 ;
; Strict RAM Replacement                                           ; Off                ; Off                ;
; Allow Synchronous Control Signals                                ; On                 ; On                 ;
; Force Use of Synchronous Clear Signals                           ; Off                ; Off                ;
; Auto RAM Block Balancing                                         ; On                 ; On                 ;
; Auto RAM to Logic Cell Conversion                                ; Off                ; Off                ;
; Auto Resource Sharing                                            ; Off                ; Off                ;
; Allow Any RAM Size For Recognition                               ; Off                ; Off                ;
; Allow Any ROM Size For Recognition                               ; Off                ; Off                ;
; Allow Any Shift Register Size For Recognition                    ; Off                ; Off                ;
; Use LogicLock Constraints during Resource Balancing              ; On                 ; On                 ;
; Ignore translate_off and synthesis_off directives                ; Off                ; Off                ;
; Timing-Driven Synthesis                                          ; On                 ; On                 ;
; Report Parameter Settings                                        ; On                 ; On                 ;
; Report Source Assignments                                        ; On                 ; On                 ;
; Report Connectivity Checks                                       ; On                 ; On                 ;
; Ignore Maximum Fan-Out Assignments                               ; Off                ; Off                ;
; Synchronization Register Chain Length                            ; 2                  ; 2                  ;
; Power Optimization During Synthesis                              ; Normal compilation ; Normal compilation ;
; HDL message level                                                ; Level2             ; Level2             ;
; Suppress Register Optimization Related Messages                  ; Off                ; Off                ;
; Number of Removed Registers Reported in Synthesis Report         ; 5000               ; 5000               ;
; Number of Swept Nodes Reported in Synthesis Report               ; 5000               ; 5000               ;
; Number of Inverted Registers Reported in Synthesis Report        ; 100                ; 100                ;
; Clock MUX Protection                                             ; On                 ; On                 ;
; Auto Gated Clock Conversion                                      ; Off                ; Off                ;
; Block Design Naming                                              ; Auto               ; Auto               ;
; SDC constraint protection                                        ; Off                ; Off                ;
; Synthesis Effort                                                 ; Auto               ; Auto               ;
; Shift Register Replacement - Allow Asynchronous Clear Signal     ; On                 ; On                 ;
; Pre-Mapping Resynthesis Optimization                             ; Off                ; Off                ;
; Analysis & Synthesis Message Level                               ; Medium             ; Medium             ;
; Disable Register Merging Across Hierarchies                      ; Auto               ; Auto               ;
; Resource Aware Inference For Block RAM                           ; On                 ; On                 ;
+------------------------------------------------------------------+--------------------+--------------------+


+------------------------------------------+
; Parallel Compilation                     ;
+----------------------------+-------------+
; Processors                 ; Number      ;
+----------------------------+-------------+
; Number detected on machine ; 4           ;
; Maximum allowed            ; 4           ;
;                            ;             ;
; Average used               ; 1.00        ;
; Maximum used               ; 4           ;
;                            ;             ;
; Usage by Processor         ; % Time Used ;
;     Processor 1            ; 100.0%      ;
;     Processor 2            ;   0.0%      ;
;     Processors 3-4         ;   0.0%      ;
+----------------------------+-------------+


+------------------------------------------------------------------------------------------------------------------------------------------------------------------------------------------------------------------------------------------------------------+
; Analysis & Synthesis Source Files Read                                                                                                                                                                                                                     ;
+--------------------------------------------------------------------+-----------------+----------------------------------------------+--------------------------------------------------------------------------------------------------------+-------------+
; File Name with User-Entered Path                                   ; Used in Netlist ; File Type                                    ; File Name with Absolute Path                                                                           ; Library     ;
+--------------------------------------------------------------------+-----------------+----------------------------------------------+--------------------------------------------------------------------------------------------------------+-------------+
; keyboardDriver.v                                                   ; yes             ; User Verilog HDL File                        ; /home/user/QuartusProjects/optional/keyboardDriver.v                                                   ;             ;
; meow.v                                                             ; yes             ; Auto-Found Verilog HDL File                  ; /home/user/QuartusProjects/optional/meow.v                                                             ;             ;
; sld_multitap.vhd                                                   ; yes             ; Encrypted Megafunction                       ; /home/user/intelFPGA_lite/21.1/quartus/libraries/megafunctions/sld_multitap.vhd                        ;             ;
; sld_rom_sr.vhd                                                     ; yes             ; Encrypted Megafunction                       ; /home/user/intelFPGA_lite/21.1/quartus/libraries/megafunctions/sld_rom_sr.vhd                          ;             ;
; sld_hub.vhd                                                        ; yes             ; Encrypted Megafunction                       ; /home/user/intelFPGA_lite/21.1/quartus/libraries/megafunctions/sld_hub.vhd                             ; altera_sld  ;
; db/ip/sld1d6fddb2/alt_sld_fab.v                                    ; yes             ; Encrypted Auto-Found Verilog HDL File        ; /home/user/QuartusProjects/optional/db/ip/sld1d6fddb2/alt_sld_fab.v                                    ; alt_sld_fab ;
; db/ip/sld1d6fddb2/submodules/alt_sld_fab_alt_sld_fab.v             ; yes             ; Encrypted Auto-Found Verilog HDL File        ; /home/user/QuartusProjects/optional/db/ip/sld1d6fddb2/submodules/alt_sld_fab_alt_sld_fab.v             ; alt_sld_fab ;
; db/ip/sld1d6fddb2/submodules/alt_sld_fab_alt_sld_fab_ident.sv      ; yes             ; Auto-Found SystemVerilog HDL File            ; /home/user/QuartusProjects/optional/db/ip/sld1d6fddb2/submodules/alt_sld_fab_alt_sld_fab_ident.sv      ; alt_sld_fab ;
; db/ip/sld1d6fddb2/submodules/alt_sld_fab_alt_sld_fab_presplit.sv   ; yes             ; Encrypted Auto-Found SystemVerilog HDL File  ; /home/user/QuartusProjects/optional/db/ip/sld1d6fddb2/submodules/alt_sld_fab_alt_sld_fab_presplit.sv   ; alt_sld_fab ;
; db/ip/sld1d6fddb2/submodules/alt_sld_fab_alt_sld_fab_sldfabric.vhd ; yes             ; Encrypted Auto-Found VHDL File               ; /home/user/QuartusProjects/optional/db/ip/sld1d6fddb2/submodules/alt_sld_fab_alt_sld_fab_sldfabric.vhd ; alt_sld_fab ;
; db/ip/sld1d6fddb2/submodules/alt_sld_fab_alt_sld_fab_splitter.sv   ; yes             ; Encrypted Auto-Found SystemVerilog HDL File  ; /home/user/QuartusProjects/optional/db/ip/sld1d6fddb2/submodules/alt_sld_fab_alt_sld_fab_splitter.sv   ; alt_sld_fab ;
; sld_jtag_hub.vhd                                                   ; yes             ; Encrypted Megafunction                       ; /home/user/intelFPGA_lite/21.1/quartus/libraries/megafunctions/sld_jtag_hub.vhd                        ;             ;
+--------------------------------------------------------------------+-----------------+----------------------------------------------+--------------------------------------------------------------------------------------------------------+-------------+


+------------------------------------------------------------------------+
; Analysis & Synthesis Resource Usage Summary                            ;
+---------------------------------------------+--------------------------+
; Resource                                    ; Usage                    ;
+---------------------------------------------+--------------------------+
; Estimated Total logic elements              ; 404                      ;
;                                             ;                          ;
; Total combinational functions               ; 368                      ;
; Logic element usage by number of LUT inputs ;                          ;
;     -- 4 input functions                    ; 199                      ;
;     -- 3 input functions                    ; 61                       ;
;     -- <=2 input functions                  ; 108                      ;
;                                             ;                          ;
; Logic elements by mode                      ;                          ;
;     -- normal mode                          ; 329                      ;
;     -- arithmetic mode                      ; 39                       ;
;                                             ;                          ;
; Total registers                             ; 158                      ;
;     -- Dedicated logic registers            ; 158                      ;
;     -- I/O registers                        ; 0                        ;
;                                             ;                          ;
; I/O pins                                    ; 69                       ;
;                                             ;                          ;
; Embedded Multiplier 9-bit elements          ; 0                        ;
;                                             ;                          ;
; Maximum fan-out node                        ; altera_internal_jtag~TDO ;
; Maximum fan-out                             ; 114                      ;
; Total fan-out                               ; 1728                     ;
; Average fan-out                             ; 2.57                     ;
+---------------------------------------------+--------------------------+


+----------------------------------------------------------------------------------------------------------------------------------------------------------------------------------------------------------------------------------------------------------------------------------------------------------------------------------------------------------------------------------------------------------------------------------------------------------------------------------------------------------------------------------------------------------------------------------------------------------------------------------------------------------------------------------------------------+
; Analysis & Synthesis Resource Utilization by Entity                                                                                                                                                                                                                                                                                                                                                                                                                                                                                                                                                                                                                                                ;
+-----------------------------------------------------------------------------------------------------------------------------------------+---------------------+---------------------------+-------------+------------+--------------+---------+-----------+------+--------------+------------+--------------------------------------------------------------------------------------------------------------------------------------------------------------------------------------------------------------------------------------------------------------------------------------------------------------------------------------------------+-----------------------------------+--------------+
; Compilation Hierarchy Node                                                                                                              ; Combinational ALUTs ; Dedicated Logic Registers ; Memory Bits ; UFM Blocks ; DSP Elements ; DSP 9x9 ; DSP 18x18 ; Pins ; Virtual Pins ; ADC blocks ; Full Hierarchy Name                                                                                                                                                                                                                                                                                                                              ; Entity Name                       ; Library Name ;
+-----------------------------------------------------------------------------------------------------------------------------------------+---------------------+---------------------------+-------------+------------+--------------+---------+-----------+------+--------------+------------+--------------------------------------------------------------------------------------------------------------------------------------------------------------------------------------------------------------------------------------------------------------------------------------------------------------------------------------------------+-----------------------------------+--------------+
; |meow                                                                                                                                   ; 368 (133)           ; 158 (0)                   ; 0           ; 0          ; 0            ; 0       ; 0         ; 69   ; 0            ; 0          ; |meow                                                                                                                                                                                                                                                                                                                                            ; meow                              ; work         ;
;    |keyboardDriver:driver1|                                                                                                             ; 54 (54)             ; 56 (56)                   ; 0           ; 0          ; 0            ; 0       ; 0         ; 0    ; 0            ; 0          ; |meow|keyboardDriver:driver1                                                                                                                                                                                                                                                                                                                     ; keyboardDriver                    ; work         ;
;    |keyboardDriver:driver2|                                                                                                             ; 27 (27)             ; 12 (12)                   ; 0           ; 0          ; 0            ; 0       ; 0         ; 0    ; 0            ; 0          ; |meow|keyboardDriver:driver2                                                                                                                                                                                                                                                                                                                     ; keyboardDriver                    ; work         ;
;    |sld_hub:auto_hub|                                                                                                                   ; 125 (1)             ; 77 (0)                    ; 0           ; 0          ; 0            ; 0       ; 0         ; 0    ; 0            ; 0          ; |meow|sld_hub:auto_hub                                                                                                                                                                                                                                                                                                                           ; sld_hub                           ; altera_sld   ;
;       |alt_sld_fab_with_jtag_input:\instrumentation_fabric_with_node_gen:fabric_gen_new_way:with_jtag_input_gen:instrumentation_fabric| ; 124 (0)             ; 77 (0)                    ; 0           ; 0          ; 0            ; 0       ; 0         ; 0    ; 0            ; 0          ; |meow|sld_hub:auto_hub|alt_sld_fab_with_jtag_input:\instrumentation_fabric_with_node_gen:fabric_gen_new_way:with_jtag_input_gen:instrumentation_fabric                                                                                                                                                                                           ; alt_sld_fab_with_jtag_input       ; altera_sld   ;
;          |alt_sld_fab:instrumentation_fabric|                                                                                           ; 124 (0)             ; 77 (0)                    ; 0           ; 0          ; 0            ; 0       ; 0         ; 0    ; 0            ; 0          ; |meow|sld_hub:auto_hub|alt_sld_fab_with_jtag_input:\instrumentation_fabric_with_node_gen:fabric_gen_new_way:with_jtag_input_gen:instrumentation_fabric|alt_sld_fab:instrumentation_fabric                                                                                                                                                        ; alt_sld_fab                       ; alt_sld_fab  ;
;             |alt_sld_fab_alt_sld_fab:alt_sld_fab|                                                                                       ; 124 (1)             ; 77 (5)                    ; 0           ; 0          ; 0            ; 0       ; 0         ; 0    ; 0            ; 0          ; |meow|sld_hub:auto_hub|alt_sld_fab_with_jtag_input:\instrumentation_fabric_with_node_gen:fabric_gen_new_way:with_jtag_input_gen:instrumentation_fabric|alt_sld_fab:instrumentation_fabric|alt_sld_fab_alt_sld_fab:alt_sld_fab                                                                                                                    ; alt_sld_fab_alt_sld_fab           ; alt_sld_fab  ;
;                |alt_sld_fab_alt_sld_fab_sldfabric:sldfabric|                                                                            ; 123 (0)             ; 72 (0)                    ; 0           ; 0          ; 0            ; 0       ; 0         ; 0    ; 0            ; 0          ; |meow|sld_hub:auto_hub|alt_sld_fab_with_jtag_input:\instrumentation_fabric_with_node_gen:fabric_gen_new_way:with_jtag_input_gen:instrumentation_fabric|alt_sld_fab:instrumentation_fabric|alt_sld_fab_alt_sld_fab:alt_sld_fab|alt_sld_fab_alt_sld_fab_sldfabric:sldfabric                                                                        ; alt_sld_fab_alt_sld_fab_sldfabric ; alt_sld_fab  ;
;                   |sld_jtag_hub:\jtag_hub_gen:real_sld_jtag_hub|                                                                        ; 123 (82)            ; 72 (44)                   ; 0           ; 0          ; 0            ; 0       ; 0         ; 0    ; 0            ; 0          ; |meow|sld_hub:auto_hub|alt_sld_fab_with_jtag_input:\instrumentation_fabric_with_node_gen:fabric_gen_new_way:with_jtag_input_gen:instrumentation_fabric|alt_sld_fab:instrumentation_fabric|alt_sld_fab_alt_sld_fab:alt_sld_fab|alt_sld_fab_alt_sld_fab_sldfabric:sldfabric|sld_jtag_hub:\jtag_hub_gen:real_sld_jtag_hub                           ; sld_jtag_hub                      ; work         ;
;                      |sld_rom_sr:hub_info_reg|                                                                                          ; 23 (23)             ; 9 (9)                     ; 0           ; 0          ; 0            ; 0       ; 0         ; 0    ; 0            ; 0          ; |meow|sld_hub:auto_hub|alt_sld_fab_with_jtag_input:\instrumentation_fabric_with_node_gen:fabric_gen_new_way:with_jtag_input_gen:instrumentation_fabric|alt_sld_fab:instrumentation_fabric|alt_sld_fab_alt_sld_fab:alt_sld_fab|alt_sld_fab_alt_sld_fab_sldfabric:sldfabric|sld_jtag_hub:\jtag_hub_gen:real_sld_jtag_hub|sld_rom_sr:hub_info_reg   ; sld_rom_sr                        ; work         ;
;                      |sld_shadow_jsm:shadow_jsm|                                                                                        ; 18 (18)             ; 19 (19)                   ; 0           ; 0          ; 0            ; 0       ; 0         ; 0    ; 0            ; 0          ; |meow|sld_hub:auto_hub|alt_sld_fab_with_jtag_input:\instrumentation_fabric_with_node_gen:fabric_gen_new_way:with_jtag_input_gen:instrumentation_fabric|alt_sld_fab:instrumentation_fabric|alt_sld_fab_alt_sld_fab:alt_sld_fab|alt_sld_fab_alt_sld_fab_sldfabric:sldfabric|sld_jtag_hub:\jtag_hub_gen:real_sld_jtag_hub|sld_shadow_jsm:shadow_jsm ; sld_shadow_jsm                    ; altera_sld   ;
;    |sld_multitap:auto_lai_1|                                                                                                            ; 29 (10)             ; 13 (5)                    ; 0           ; 0          ; 0            ; 0       ; 0         ; 0    ; 0            ; 0          ; |meow|sld_multitap:auto_lai_1                                                                                                                                                                                                                                                                                                                    ; sld_multitap                      ; work         ;
;       |sld_rom_sr:info_rom_sr|                                                                                                          ; 19 (19)             ; 8 (8)                     ; 0           ; 0          ; 0            ; 0       ; 0         ; 0    ; 0            ; 0          ; |meow|sld_multitap:auto_lai_1|sld_rom_sr:info_rom_sr                                                                                                                                                                                                                                                                                             ; sld_rom_sr                        ; work         ;
+-----------------------------------------------------------------------------------------------------------------------------------------+---------------------+---------------------------+-------------+------------+--------------+---------+-----------+------+--------------+------------+--------------------------------------------------------------------------------------------------------------------------------------------------------------------------------------------------------------------------------------------------------------------------------------------------------------------------------------------------+-----------------------------------+--------------+
Note: For table entries with two numbers listed, the numbers in parentheses indicate the number of resources of the given type used by the specific entity alone. The numbers listed outside of parentheses indicate the total resources of the given type used by the specific entity and all of its sub-entities in the hierarchy.


+-------------------------------------------------------------------------------------------------------------------------------------------------------------------------------------------------------------------------------------------------------------------------------------------------------------------------------------------------------------+
; Analysis & Synthesis IP Cores Summary                                                                                                                                                                                                                                                                                                                       ;
+--------+--------------+---------+--------------+--------------+---------------------------------------------------------------------------------------------------------------------------------------------------------------------------------------------------------------------------------------------------------------------------+-----------------+
; Vendor ; IP Core Name ; Version ; Release Date ; License Type ; Entity Instance                                                                                                                                                                                                                                                           ; IP Include File ;
+--------+--------------+---------+--------------+--------------+---------------------------------------------------------------------------------------------------------------------------------------------------------------------------------------------------------------------------------------------------------------------------+-----------------+
; Altera ; Signal Tap   ; N/A     ; N/A          ; Licensed     ; |meow|sld_hub:auto_hub|alt_sld_fab_with_jtag_input:\instrumentation_fabric_with_node_gen:fabric_gen_new_way:with_jtag_input_gen:instrumentation_fabric|alt_sld_fab:instrumentation_fabric                                                                                 ;                 ;
; Altera ; Signal Tap   ; N/A     ; N/A          ; Licensed     ; |meow|sld_hub:auto_hub|alt_sld_fab_with_jtag_input:\instrumentation_fabric_with_node_gen:fabric_gen_new_way:with_jtag_input_gen:instrumentation_fabric|alt_sld_fab:instrumentation_fabric|alt_sld_fab_alt_sld_fab:alt_sld_fab                                             ;                 ;
; Altera ; Signal Tap   ; N/A     ; N/A          ; Licensed     ; |meow|sld_hub:auto_hub|alt_sld_fab_with_jtag_input:\instrumentation_fabric_with_node_gen:fabric_gen_new_way:with_jtag_input_gen:instrumentation_fabric|alt_sld_fab:instrumentation_fabric|alt_sld_fab_alt_sld_fab:alt_sld_fab|alt_sld_fab_alt_sld_fab_presplit:presplit   ;                 ;
; Altera ; Signal Tap   ; N/A     ; N/A          ; Licensed     ; |meow|sld_hub:auto_hub|alt_sld_fab_with_jtag_input:\instrumentation_fabric_with_node_gen:fabric_gen_new_way:with_jtag_input_gen:instrumentation_fabric|alt_sld_fab:instrumentation_fabric|alt_sld_fab_alt_sld_fab:alt_sld_fab|alt_sld_fab_alt_sld_fab_sldfabric:sldfabric ;                 ;
; Altera ; Signal Tap   ; N/A     ; N/A          ; Licensed     ; |meow|sld_hub:auto_hub|alt_sld_fab_with_jtag_input:\instrumentation_fabric_with_node_gen:fabric_gen_new_way:with_jtag_input_gen:instrumentation_fabric|alt_sld_fab:instrumentation_fabric|alt_sld_fab_alt_sld_fab:alt_sld_fab|alt_sld_fab_alt_sld_fab_splitter:splitter   ;                 ;
+--------+--------------+---------+--------------+--------------+---------------------------------------------------------------------------------------------------------------------------------------------------------------------------------------------------------------------------------------------------------------------------+-----------------+


Encoding Type:  One-Hot
+--------------------------------------------------------------------------+
; State Machine - |meow|keyboardDriver:driver2|nextState                   ;
+--------------+--------------+--------------+--------------+--------------+
; Name         ; nextState.11 ; nextState.10 ; nextState.01 ; nextState.00 ;
+--------------+--------------+--------------+--------------+--------------+
; nextState.00 ; 0            ; 0            ; 0            ; 0            ;
; nextState.01 ; 0            ; 0            ; 1            ; 1            ;
; nextState.10 ; 0            ; 1            ; 0            ; 1            ;
; nextState.11 ; 1            ; 0            ; 0            ; 1            ;
+--------------+--------------+--------------+--------------+--------------+


Encoding Type:  One-Hot
+------------------------------------------------------+
; State Machine - |meow|keyboardDriver:driver2|state   ;
+----------+----------+----------+----------+----------+
; Name     ; state.11 ; state.10 ; state.01 ; state.00 ;
+----------+----------+----------+----------+----------+
; state.00 ; 0        ; 0        ; 0        ; 0        ;
; state.01 ; 0        ; 0        ; 1        ; 1        ;
; state.10 ; 0        ; 1        ; 0        ; 1        ;
; state.11 ; 1        ; 0        ; 0        ; 1        ;
+----------+----------+----------+----------+----------+


Encoding Type:  One-Hot
+--------------------------------------------------------------------------+
; State Machine - |meow|keyboardDriver:driver1|nextState                   ;
+--------------+--------------+--------------+--------------+--------------+
; Name         ; nextState.11 ; nextState.10 ; nextState.01 ; nextState.00 ;
+--------------+--------------+--------------+--------------+--------------+
; nextState.00 ; 0            ; 0            ; 0            ; 0            ;
; nextState.01 ; 0            ; 0            ; 1            ; 1            ;
; nextState.10 ; 0            ; 1            ; 0            ; 1            ;
; nextState.11 ; 1            ; 0            ; 0            ; 1            ;
+--------------+--------------+--------------+--------------+--------------+


Encoding Type:  One-Hot
+------------------------------------------------------+
; State Machine - |meow|keyboardDriver:driver1|state   ;
+----------+----------+----------+----------+----------+
; Name     ; state.11 ; state.10 ; state.01 ; state.00 ;
+----------+----------+----------+----------+----------+
; state.00 ; 0        ; 0        ; 0        ; 0        ;
; state.01 ; 0        ; 0        ; 1        ; 1        ;
; state.10 ; 0        ; 1        ; 0        ; 1        ;
; state.11 ; 1        ; 0        ; 0        ; 1        ;
+----------+----------+----------+----------+----------+


+------------------------------------------------------------------------------------------+
; Registers Removed During Synthesis                                                       ;
+----------------------------------------+-------------------------------------------------+
; Register name                          ; Reason for Removal                              ;
+----------------------------------------+-------------------------------------------------+
; keyboardDriver:driver2|ticks[31]       ; Merged with keyboardDriver:driver1|ticks[31]    ;
; keyboardDriver:driver2|ticks[30]       ; Merged with keyboardDriver:driver1|ticks[30]    ;
; keyboardDriver:driver2|ticks[29]       ; Merged with keyboardDriver:driver1|ticks[29]    ;
; keyboardDriver:driver2|ticks[28]       ; Merged with keyboardDriver:driver1|ticks[28]    ;
; keyboardDriver:driver2|ticks[27]       ; Merged with keyboardDriver:driver1|ticks[27]    ;
; keyboardDriver:driver2|ticks[26]       ; Merged with keyboardDriver:driver1|ticks[26]    ;
; keyboardDriver:driver2|ticks[25]       ; Merged with keyboardDriver:driver1|ticks[25]    ;
; keyboardDriver:driver2|ticks[24]       ; Merged with keyboardDriver:driver1|ticks[24]    ;
; keyboardDriver:driver2|ticks[23]       ; Merged with keyboardDriver:driver1|ticks[23]    ;
; keyboardDriver:driver2|ticks[22]       ; Merged with keyboardDriver:driver1|ticks[22]    ;
; keyboardDriver:driver2|ticks[21]       ; Merged with keyboardDriver:driver1|ticks[21]    ;
; keyboardDriver:driver2|ticks[20]       ; Merged with keyboardDriver:driver1|ticks[20]    ;
; keyboardDriver:driver2|ticks[19]       ; Merged with keyboardDriver:driver1|ticks[19]    ;
; keyboardDriver:driver2|ticks[18]       ; Merged with keyboardDriver:driver1|ticks[18]    ;
; keyboardDriver:driver2|ticks[17]       ; Merged with keyboardDriver:driver1|ticks[17]    ;
; keyboardDriver:driver2|ticks[16]       ; Merged with keyboardDriver:driver1|ticks[16]    ;
; keyboardDriver:driver2|ticks[15]       ; Merged with keyboardDriver:driver1|ticks[15]    ;
; keyboardDriver:driver2|ticks[14]       ; Merged with keyboardDriver:driver1|ticks[14]    ;
; keyboardDriver:driver2|ticks[13]       ; Merged with keyboardDriver:driver1|ticks[13]    ;
; keyboardDriver:driver2|ticks[12]       ; Merged with keyboardDriver:driver1|ticks[12]    ;
; keyboardDriver:driver2|ticks[11]       ; Merged with keyboardDriver:driver1|ticks[11]    ;
; keyboardDriver:driver2|ticks[10]       ; Merged with keyboardDriver:driver1|ticks[10]    ;
; keyboardDriver:driver2|ticks[9]        ; Merged with keyboardDriver:driver1|ticks[9]     ;
; keyboardDriver:driver2|ticks[8]        ; Merged with keyboardDriver:driver1|ticks[8]     ;
; keyboardDriver:driver2|ticks[7]        ; Merged with keyboardDriver:driver1|ticks[7]     ;
; keyboardDriver:driver2|ticks[6]        ; Merged with keyboardDriver:driver1|ticks[6]     ;
; keyboardDriver:driver2|ticks[5]        ; Merged with keyboardDriver:driver1|ticks[5]     ;
; keyboardDriver:driver2|ticks[4]        ; Merged with keyboardDriver:driver1|ticks[4]     ;
; keyboardDriver:driver2|ticks[2]        ; Merged with keyboardDriver:driver1|ticks[2]     ;
; keyboardDriver:driver2|ticks[0]        ; Merged with keyboardDriver:driver1|ticks[0]     ;
; keyboardDriver:driver2|ticks[3]        ; Merged with keyboardDriver:driver1|ticks[3]     ;
; keyboardDriver:driver2|ticks[1]        ; Merged with keyboardDriver:driver1|ticks[1]     ;
; keyboardDriver:driver2|nextState~2     ; Lost fanout                                     ;
; keyboardDriver:driver2|nextState~3     ; Lost fanout                                     ;
; keyboardDriver:driver2|state~10        ; Lost fanout                                     ;
; keyboardDriver:driver2|state~11        ; Lost fanout                                     ;
; keyboardDriver:driver1|nextState~2     ; Lost fanout                                     ;
; keyboardDriver:driver1|nextState~3     ; Lost fanout                                     ;
; keyboardDriver:driver1|state~10        ; Lost fanout                                     ;
; keyboardDriver:driver1|state~11        ; Lost fanout                                     ;
; keyboardDriver:driver2|row[0]          ; Merged with keyboardDriver:driver1|row[0]       ;
; keyboardDriver:driver2|row[1]          ; Merged with keyboardDriver:driver1|row[1]       ;
; keyboardDriver:driver2|row[2]          ; Merged with keyboardDriver:driver1|row[2]       ;
; keyboardDriver:driver1|row[3]          ; Merged with keyboardDriver:driver1|nextState.00 ;
; keyboardDriver:driver2|nextState.00    ; Merged with keyboardDriver:driver1|nextState.00 ;
; keyboardDriver:driver2|row[3]          ; Merged with keyboardDriver:driver1|nextState.00 ;
; keyboardDriver:driver2|state.00        ; Merged with keyboardDriver:driver1|state.00     ;
; keyboardDriver:driver2|state.01        ; Merged with keyboardDriver:driver1|state.01     ;
; keyboardDriver:driver2|state.10        ; Merged with keyboardDriver:driver1|state.10     ;
; keyboardDriver:driver2|state.11        ; Merged with keyboardDriver:driver1|state.11     ;
; keyboardDriver:driver2|buff[5]         ; Merged with keyboardDriver:driver1|buff[5]      ;
; keyboardDriver:driver2|buff[4]         ; Merged with keyboardDriver:driver1|buff[4]      ;
; keyboardDriver:driver2|buff[6]         ; Merged with keyboardDriver:driver1|buff[6]      ;
; keyboardDriver:driver2|buff[7]         ; Merged with keyboardDriver:driver1|buff[7]      ;
; keyboardDriver:driver2|nextState.01    ; Merged with keyboardDriver:driver1|nextState.01 ;
; keyboardDriver:driver2|nextState.10    ; Merged with keyboardDriver:driver1|nextState.10 ;
; keyboardDriver:driver2|nextState.11    ; Merged with keyboardDriver:driver1|nextState.11 ;
; keyboardDriver:driver1|nextState.01    ; Merged with keyboardDriver:driver1|row[0]       ;
; keyboardDriver:driver1|nextState.10    ; Merged with keyboardDriver:driver1|row[1]       ;
; keyboardDriver:driver1|nextState.11    ; Merged with keyboardDriver:driver1|row[2]       ;
; Total Number of Removed Registers = 60 ;                                                 ;
+----------------------------------------+-------------------------------------------------+


+------------------------------------------------------+
; General Register Statistics                          ;
+----------------------------------------------+-------+
; Statistic                                    ; Value ;
+----------------------------------------------+-------+
; Total registers                              ; 158   ;
; Number of registers using Synchronous Clear  ; 12    ;
; Number of registers using Synchronous Load   ; 9     ;
; Number of registers using Asynchronous Clear ; 25    ;
; Number of registers using Asynchronous Load  ; 0     ;
; Number of registers using Clock Enable       ; 80    ;
; Number of registers using Preset             ; 0     ;
+----------------------------------------------+-------+


+-------------------------------------------------------------------------------------------------------------------------------------------------------------------------------------------------------------------------------------------------------------------------------------------------------------------------------------------+
; Inverted Register Statistics                                                                                                                                                                                                                                                                                                              ;
+---------------------------------------------------------------------------------------------------------------------------------------------------------------------------------------------------------------------------------------------------------------------------------------------------------------------------------+---------+
; Inverted Register                                                                                                                                                                                                                                                                                                               ; Fan out ;
+---------------------------------------------------------------------------------------------------------------------------------------------------------------------------------------------------------------------------------------------------------------------------------------------------------------------------------+---------+
; keyboardDriver:driver1|row[0]                                                                                                                                                                                                                                                                                                   ; 6       ;
; keyboardDriver:driver1|row[1]                                                                                                                                                                                                                                                                                                   ; 6       ;
; keyboardDriver:driver1|row[2]                                                                                                                                                                                                                                                                                                   ; 6       ;
; sld_hub:auto_hub|alt_sld_fab_with_jtag_input:\instrumentation_fabric_with_node_gen:fabric_gen_new_way:with_jtag_input_gen:instrumentation_fabric|alt_sld_fab:instrumentation_fabric|alt_sld_fab_alt_sld_fab:alt_sld_fab|alt_sld_fab_alt_sld_fab_sldfabric:sldfabric|sld_jtag_hub:\jtag_hub_gen:real_sld_jtag_hub|jtag_ir_reg[2] ; 2       ;
; sld_hub:auto_hub|alt_sld_fab_with_jtag_input:\instrumentation_fabric_with_node_gen:fabric_gen_new_way:with_jtag_input_gen:instrumentation_fabric|alt_sld_fab:instrumentation_fabric|alt_sld_fab_alt_sld_fab:alt_sld_fab|alt_sld_fab_alt_sld_fab_sldfabric:sldfabric|sld_jtag_hub:\jtag_hub_gen:real_sld_jtag_hub|jtag_ir_reg[1] ; 3       ;
; Total number of inverted registers = 5                                                                                                                                                                                                                                                                                          ;         ;
+---------------------------------------------------------------------------------------------------------------------------------------------------------------------------------------------------------------------------------------------------------------------------------------------------------------------------------+---------+


+-------------------------------------------------------------------------------------------------+
; Logic Analyzer Interface Settings                                                               ;
+----------------+---------------+------------+-----------+----------------------+----------------+
; Instance Index ; Instance Name ; Bank Count ; Pin Count ; Output/Capture Mode  ; Power-up State ;
+----------------+---------------+------------+-----------+----------------------+----------------+
; 1              ; auto_lai_1    ; 1          ; 8         ; Combinational/Timing ; Tri-stated     ;
+----------------+---------------+------------+-----------+----------------------+----------------+


+-----------------------------------------------------+
; Post-Synthesis Netlist Statistics for Top Partition ;
+-----------------------+-----------------------------+
; Type                  ; Count                       ;
+-----------------------+-----------------------------+
; boundary_port         ; 61                          ;
; cycloneiii_ff         ; 68                          ;
;     ENA               ; 20                          ;
;     plain             ; 48                          ;
; cycloneiii_lcell_comb ; 228                         ;
;     arith             ; 31                          ;
;         2 data inputs ; 31                          ;
;     normal            ; 197                         ;
;         0 data inputs ; 2                           ;
;         1 data inputs ; 35                          ;
;         2 data inputs ; 12                          ;
;         3 data inputs ; 24                          ;
;         4 data inputs ; 124                         ;
;                       ;                             ;
; Max LUT depth         ; 5.00                        ;
; Average LUT depth     ; 3.27                        ;
+-----------------------+-----------------------------+


+-------------------------------+
; Elapsed Time Per Partition    ;
+----------------+--------------+
; Partition Name ; Elapsed Time ;
+----------------+--------------+
; Top            ; 00:00:03     ;
+----------------+--------------+


+-------------------------------------------------------------------------------------------------------------------------------------------------------------------------------------------------------------------------------------------------------------------------------------+
; Connections to In-System Debugging Instance "auto_lai_1"                                                                                                                                                                                                                            ;
+-------------------------+---------------+-----------+----------------+-------------------+-------------------------+----------------------------------------------------------------------------------------------------------------------------------------------------------------+
; Name                    ; Type          ; Status    ; Partition Name ; Netlist Type Used ; Actual Connection       ; Details                                                                                                                                                        ;
+-------------------------+---------------+-----------+----------------+-------------------+-------------------------+----------------------------------------------------------------------------------------------------------------------------------------------------------------+
; l1                      ; pre-synthesis ; missing   ; Top            ; post-synthesis    ; GND                     ; The name does not exist in your design or refers to an invalid hierarchy or bus element.  You may have modified your design after creating the debug instance. ;
; l2                      ; pre-synthesis ; missing   ; Top            ; post-synthesis    ; GND                     ; The name does not exist in your design or refers to an invalid hierarchy or bus element.  You may have modified your design after creating the debug instance. ;
; l3                      ; pre-synthesis ; missing   ; Top            ; post-synthesis    ; GND                     ; The name does not exist in your design or refers to an invalid hierarchy or bus element.  You may have modified your design after creating the debug instance. ;
; l4                      ; pre-synthesis ; missing   ; Top            ; post-synthesis    ; GND                     ; The name does not exist in your design or refers to an invalid hierarchy or bus element.  You may have modified your design after creating the debug instance. ;
; l5                      ; pre-synthesis ; missing   ; Top            ; post-synthesis    ; GND                     ; The name does not exist in your design or refers to an invalid hierarchy or bus element.  You may have modified your design after creating the debug instance. ;
; l6                      ; pre-synthesis ; missing   ; Top            ; post-synthesis    ; GND                     ; The name does not exist in your design or refers to an invalid hierarchy or bus element.  You may have modified your design after creating the debug instance. ;
; l7                      ; pre-synthesis ; missing   ; Top            ; post-synthesis    ; GND                     ; The name does not exist in your design or refers to an invalid hierarchy or bus element.  You may have modified your design after creating the debug instance. ;
; l8                      ; pre-synthesis ; missing   ; Top            ; post-synthesis    ; GND                     ; The name does not exist in your design or refers to an invalid hierarchy or bus element.  You may have modified your design after creating the debug instance. ;
; altera_reserved_lai_1_0 ; dynamic pin   ; connected ; Top            ; post-synthesis    ; altera_reserved_lai_1_0 ; N/A                                                                                                                                                            ;
; altera_reserved_lai_1_1 ; dynamic pin   ; connected ; Top            ; post-synthesis    ; altera_reserved_lai_1_1 ; N/A                                                                                                                                                            ;
; altera_reserved_lai_1_2 ; dynamic pin   ; connected ; Top            ; post-synthesis    ; altera_reserved_lai_1_2 ; N/A                                                                                                                                                            ;
; altera_reserved_lai_1_3 ; dynamic pin   ; connected ; Top            ; post-synthesis    ; altera_reserved_lai_1_3 ; N/A                                                                                                                                                            ;
; altera_reserved_lai_1_4 ; dynamic pin   ; connected ; Top            ; post-synthesis    ; altera_reserved_lai_1_4 ; N/A                                                                                                                                                            ;
; altera_reserved_lai_1_5 ; dynamic pin   ; connected ; Top            ; post-synthesis    ; altera_reserved_lai_1_5 ; N/A                                                                                                                                                            ;
; altera_reserved_lai_1_6 ; dynamic pin   ; connected ; Top            ; post-synthesis    ; altera_reserved_lai_1_6 ; N/A                                                                                                                                                            ;
; altera_reserved_lai_1_7 ; dynamic pin   ; connected ; Top            ; post-synthesis    ; altera_reserved_lai_1_7 ; N/A                                                                                                                                                            ;
+-------------------------+---------------+-----------+----------------+-------------------+-------------------------+----------------------------------------------------------------------------------------------------------------------------------------------------------------+


+-------------------------------+
; Analysis & Synthesis Messages ;
+-------------------------------+
Info: *******************************************************************
Info: Running Quartus Prime Analysis & Synthesis
    Info: Version 21.1.1 Build 850 06/23/2022 SJ Lite Edition
    Info: Processing started: Sat Dec 16 13:01:48 2023
Info: Command: quartus_map --read_settings_files=on --write_settings_files=off meow -c meow
Warning (18236): Number of processors has not been specified which may cause overloading on shared machines.  Set the global assignment NUM_PARALLEL_PROCESSORS in your QSF to an appropriate value for best performance.
Info (20030): Parallel compilation is enabled and will use 4 of the 4 processors detected
Info (12021): Found 1 design units, including 1 entities, in source file keyboardDriver.v
    Info (12023): Found entity 1: keyboardDriver File: /home/user/QuartusProjects/optional/keyboardDriver.v Line: 1
Warning (12125): Using design file meow.v, which is not specified as a design file for the current project, but contains definitions for 1 design units and 1 entities in project
    Info (12023): Found entity 1: meow File: /home/user/QuartusProjects/optional/meow.v Line: 1
Info (12127): Elaborating entity "meow" for the top level hierarchy
Warning (10034): Output port "led[9..8]" at meow.v(7) has no driver File: /home/user/QuartusProjects/optional/meow.v Line: 7
Info (12128): Elaborating entity "keyboardDriver" for hierarchy "keyboardDriver:driver1" File: /home/user/QuartusProjects/optional/meow.v Line: 31
Info (12033): Analysis and Synthesis generated Signal Tap or debug node instance "auto_lai_1"
Info (11170): Starting IP generation for the debug fabric: alt_sld_fab.
Info (11172): 2023.12.16.13:02:10 Progress: Loading sld1d6fddb2/alt_sld_fab_wrapper_hw.tcl
Info (11172): Alt_sld_fab.alt_sld_fab: SLD fabric agents which did not specify prefer_host were connected to JTAG
Info (11172): Alt_sld_fab: Generating alt_sld_fab "alt_sld_fab" for QUARTUS_SYNTH
Info (11172): Alt_sld_fab: "alt_sld_fab" instantiated alt_sld_fab "alt_sld_fab"
Info (11172): Presplit: "alt_sld_fab" instantiated altera_super_splitter "presplit"
Info (11172): Splitter: "alt_sld_fab" instantiated altera_sld_splitter "splitter"
Info (11172): Sldfabric: "alt_sld_fab" instantiated altera_sld_jtag_hub "sldfabric"
Info (11172): Ident: "alt_sld_fab" instantiated altera_connection_identification_hub "ident"
Info (11172): Alt_sld_fab: Done "alt_sld_fab" with 6 modules, 6 files
Info (11171): Finished IP generation for the debug fabric: alt_sld_fab.
Info (12021): Found 1 design units, including 1 entities, in source file db/ip/sld1d6fddb2/alt_sld_fab.v
    Info (12023): Found entity 1: alt_sld_fab File: /home/user/QuartusProjects/optional/db/ip/sld1d6fddb2/alt_sld_fab.v Line: 9
Info (12021): Found 1 design units, including 1 entities, in source file db/ip/sld1d6fddb2/submodules/alt_sld_fab_alt_sld_fab.v
    Info (12023): Found entity 1: alt_sld_fab_alt_sld_fab File: /home/user/QuartusProjects/optional/db/ip/sld1d6fddb2/submodules/alt_sld_fab_alt_sld_fab.v Line: 9
Info (12021): Found 1 design units, including 1 entities, in source file db/ip/sld1d6fddb2/submodules/alt_sld_fab_alt_sld_fab_ident.sv
    Info (12023): Found entity 1: alt_sld_fab_alt_sld_fab_ident File: /home/user/QuartusProjects/optional/db/ip/sld1d6fddb2/submodules/alt_sld_fab_alt_sld_fab_ident.sv Line: 33
Info (12021): Found 1 design units, including 1 entities, in source file db/ip/sld1d6fddb2/submodules/alt_sld_fab_alt_sld_fab_presplit.sv
    Info (12023): Found entity 1: alt_sld_fab_alt_sld_fab_presplit File: /home/user/QuartusProjects/optional/db/ip/sld1d6fddb2/submodules/alt_sld_fab_alt_sld_fab_presplit.sv Line: 3
Info (12021): Found 2 design units, including 1 entities, in source file db/ip/sld1d6fddb2/submodules/alt_sld_fab_alt_sld_fab_sldfabric.vhd
    Info (12022): Found design unit 1: alt_sld_fab_alt_sld_fab_sldfabric-rtl File: /home/user/QuartusProjects/optional/db/ip/sld1d6fddb2/submodules/alt_sld_fab_alt_sld_fab_sldfabric.vhd Line: 102
    Info (12023): Found entity 1: alt_sld_fab_alt_sld_fab_sldfabric File: /home/user/QuartusProjects/optional/db/ip/sld1d6fddb2/submodules/alt_sld_fab_alt_sld_fab_sldfabric.vhd Line: 11
Info (12021): Found 1 design units, including 1 entities, in source file db/ip/sld1d6fddb2/submodules/alt_sld_fab_alt_sld_fab_splitter.sv
    Info (12023): Found entity 1: alt_sld_fab_alt_sld_fab_splitter File: /home/user/QuartusProjects/optional/db/ip/sld1d6fddb2/submodules/alt_sld_fab_alt_sld_fab_splitter.sv Line: 3
Warning (13024): Output pins are stuck at VCC or GND
    Warning (13410): Pin "led[8]" is stuck at GND File: /home/user/QuartusProjects/optional/meow.v Line: 7
    Warning (13410): Pin "led[9]" is stuck at GND File: /home/user/QuartusProjects/optional/meow.v Line: 7
    Warning (13410): Pin "ti4" is stuck at VCC File: /home/user/QuartusProjects/optional/meow.v Line: 8
    Warning (13410): Pin "ds1[7]" is stuck at VCC File: /home/user/QuartusProjects/optional/meow.v Line: 9
Info (286031): Timing-Driven Synthesis is running on partition "Top"
Info (17049): 8 registers lost all their fanouts during netlist optimizations.
Info (144001): Generated suppressed messages file /home/user/QuartusProjects/optional/output_files/meow.map.smsg
Critical Warning (35025): Partially connected in-system debug instance "auto_lai_1" to 8 of its 16 required data inputs, trigger inputs, acquisition clocks, and dynamic pins.  There were 0 illegal, 0 inaccessible, and 8 missing sources or connections.
Info (16010): Generating hard_block partition "hard_block:auto_generated_inst"
    Info (16011): Adding 0 node(s), including 0 DDIO, 0 PLL, 0 transceiver and 0 LCELL
Warning (21074): Design contains 1 input pin(s) that do not drive logic
    Warning (15610): No output dependent on input pin "sw98[0]" File: /home/user/QuartusProjects/optional/meow.v Line: 13
Info (21057): Implemented 482 device resources after synthesis - the final resource count might be different
    Info (21058): Implemented 22 input pins
    Info (21059): Implemented 51 output pins
    Info (21061): Implemented 408 logic cells
Info: Quartus Prime Analysis & Synthesis was successful. 0 errors, 11 warnings
    Info: Peak virtual memory: 448 megabytes
    Info: Processing ended: Sat Dec 16 13:02:30 2023
    Info: Elapsed time: 00:00:42
    Info: Total CPU time (on all processors): 00:01:17


+------------------------------------------+
; Analysis & Synthesis Suppressed Messages ;
+------------------------------------------+
The suppressed messages can be found in /home/user/QuartusProjects/optional/output_files/meow.map.smsg.


